<?xml version="1.0" encoding="UTF-8"?>
<testsuite name="com.trustsign.core.TokenCertificateSelectorTest" tests="2" skipped="0" failures="0" errors="0" timestamp="2026-04-04T09:55:43.871Z" hostname="Chandras-Mac-mini.local" time="0.294">
  <properties/>
  <testcase name="signerCertificatesMatch_differentSerialDoesNotMatchUnlessSamePublicKey()" classname="com.trustsign.core.TokenCertificateSelectorTest" time="0.191"/>
  <testcase name="signerCertificatesMatch_serialAndIssuer()" classname="com.trustsign.core.TokenCertificateSelectorTest" time="0.103"/>
  <system-out><![CDATA[]]></system-out>
  <system-err><![CDATA[]]></system-err>
</testsuite>
