<?xml version="1.0" encoding="UTF-8"?>
<testsuite name="com.trustsign.core.TextVerifyServiceTest" tests="6" skipped="0" failures="0" errors="0" timestamp="2026-03-15T09:21:30.533Z" hostname="CHANDRAPRAKASHP" time="0.098">
  <properties/>
  <testcase name="verifyReturnsFalseForNull()" classname="com.trustsign.core.TextVerifyServiceTest" time="0.002"/>
  <testcase name="verifyReturnsFalseWhenSignatureMarkersMissing()" classname="com.trustsign.core.TextVerifyServiceTest" time="0.001"/>
  <testcase name="discoverIcegateFormat()" classname="com.trustsign.core.TextVerifyServiceTest" time="0.059"/>
  <testcase name="analyzeIcegateSignedFile()" classname="com.trustsign.core.TextVerifyServiceTest" time="0.029"/>
  <testcase name="verifyReturnsFalseForEmptyString()" classname="com.trustsign.core.TextVerifyServiceTest" time="0.001"/>
  <testcase name="verifyReturnsFalseWhenSignatureBlockEmpty()" classname="com.trustsign.core.TextVerifyServiceTest" time="0.001"/>
  <system-out><![CDATA[Content before <START-SIGNATURE> length: 16 chars, 16 bytes
Signature algorithm: SHA256withRSA only

  no:       SHA256withRSA + exact (as in file) (16 bytes)
  no:       SHA256withRSA + strip trailing \n (15 bytes)
  no:       SHA256withRSA + normalize \r\n to \n then use (16 bytes)
  no:       SHA256withRSA + normalize then strip trailing \n (15 bytes)
  no:       SHA256withRSA + raw bytes from file (before sig) (16 bytes)

TextVerifyService.verify() result: false - Signature invalid or content has been modified
]]></system-out>
  <system-err><![CDATA[]]></system-err>
</testsuite>
