<?xml version="1.0" encoding="UTF-8"?>
<testsuite name="com.trustsign.core.TextVerifyServiceTest" tests="6" skipped="0" failures="0" errors="0" timestamp="2026-03-19T10:38:39.836Z" hostname="Chandras-Mac-mini.local" time="0.003">
  <properties/>
  <testcase name="verifyReturnsFalseForNull()" classname="com.trustsign.core.TextVerifyServiceTest" time="0.001"/>
  <testcase name="verifyReturnsFalseWhenSignatureMarkersMissing()" classname="com.trustsign.core.TextVerifyServiceTest" time="0.0"/>
  <testcase name="discoverIcegateFormat()" classname="com.trustsign.core.TextVerifyServiceTest" time="0.001"/>
  <testcase name="analyzeIcegateSignedFile()" classname="com.trustsign.core.TextVerifyServiceTest" time="0.0"/>
  <testcase name="verifyReturnsFalseForEmptyString()" classname="com.trustsign.core.TextVerifyServiceTest" time="0.0"/>
  <testcase name="verifyReturnsFalseWhenSignatureBlockEmpty()" classname="com.trustsign.core.TextVerifyServiceTest" time="0.0"/>
  <system-out><![CDATA[]]></system-out>
  <system-err><![CDATA[]]></system-err>
</testsuite>
