<?xml version="1.0" encoding="UTF-8"?>
<testsuite name="com.trustsign.hsm.HsmPkcs11ConfigurationServiceTest" tests="2" skipped="0" failures="0" errors="0" timestamp="2026-04-07T09:41:20.731Z" hostname="Chandras-Mac-mini.local" time="0.001">
  <properties/>
  <testcase name="normalizeSlotProbeCount_defaultsWhenNonPositive()" classname="com.trustsign.hsm.HsmPkcs11ConfigurationServiceTest" time="0.001"/>
  <testcase name="normalizeSlotProbeCount_capsAtMax()" classname="com.trustsign.hsm.HsmPkcs11ConfigurationServiceTest" time="0.0"/>
  <system-out><![CDATA[]]></system-out>
  <system-err><![CDATA[]]></system-err>
</testsuite>
