<?xml version="1.0" encoding="UTF-8"?>
<testsuite name="com.trustsign.core.SigningCertificateParserTest" tests="2" skipped="0" failures="0" errors="0" timestamp="2026-04-08T07:47:21.244Z" hostname="Chandras-Mac-mini.local" time="0.001">
  <properties/>
  <testcase name="parseFromUploadEmpty()" classname="com.trustsign.core.SigningCertificateParserTest" time="0.0"/>
  <testcase name="parsesPemCertificateFile()" classname="com.trustsign.core.SigningCertificateParserTest" time="0.001"/>
  <system-out><![CDATA[]]></system-out>
  <system-err><![CDATA[]]></system-err>
</testsuite>
